Protein path:  ./cox2.pdbqt
Output path:  ./docked_pocket_32
Exhaustiveness: 32
Docking 1_1_1063.pdbqt to ./docked_pocket_32/1_1_1063.pdbqt
./qvina-w --receptor ./cox2.pdbqt --ligand ./meeko_pocket_set/1_1_1063.pdbqt --num_modes 10 --exhaustiveness 32 --cpu 16 --seed 42 --out ./docked_pocket_32/1_1_1063.pdbqt --center_x 42.8405 --center_y 31.0155 --center_z 32.3135 --size_x 34.751 --size_y 43.7889 --size_z 34.821
############################################################################
# If you used Qvina-W in your work, please cite:                           #
#                                                                          #
# Nafisa M. Hassan, Amr A. Alhossary, Yuguang Mu, and Chee-Keong Kwoh,     #
# Protein-Ligand Blind Docking Using QuickVina-W With Inter-Process        #
# Spatio-Temporal Integration, Scientific Reports 7(1):2017,               #
# doi:10.1038/s41598-017-15571-7                                           #
#                                                                          #
# You are also encouraged to cite:                                         #
# QuickVina 2                                                              #
# Amr Alhossary, Stephanus Daniel Handoko, Yuguang Mu, and Chee-Keong Kwoh,#
# Fast, Accurate, and Reliable Molecular Docking with QuickVina 2,         #
# Bioinformatics (2015), doi: 10.1093/bioinformatics/btv082                #
#                                                                          #
# Quick Vina 1:                                                            #
# Stephanus Daniel Handoko, Xuchang Ouyang, Chinh Tran To Su, Chee Keong   #
# Kwoh, Yew Soon Ong,                                                      #
# QuickVina: Accelerating AutoDock Vina Using Gradient-Based Heuristics for#
# Global Optimization,                                                     #
# IEEE/ACM Transactions on Computational Biology and Bioinformatics,vol.9, #
# no. 5, pp. 1266-1272, Sept.-Oct. 2012, doi: 10.1109/TCBB.2012.82         #
#                                                                          #
# and original AutoDock Vina paper:                                        #
# O. Trott, A. J. Olson,                                                   #
# AutoDock Vina: improving the speed and accuracy of docking with a        #
# new scoring function, efficient optimization and multithreading,         #
# Journal of Computational Chemistry 31 (2010) 455-461                     #
# doi: 10.1002/jcc.21334                                                   #
############################################################################

WARNING: The search space volume > 27000 Angstrom^3 (See FAQ)
Reading input ... done.
lazy initialization done
Setting up the scoring function ... done.
Analyzing the binding site ... done.
Using random seed: 42
Performing search ... 
0%   10   20   30   40   50   60   70   80   90   100%
|----|----|----|----|----|----|----|----|----|----|
***************************************************
done.
Refining results ... 
searching finished in 87.412 seconds
done.

mode |   affinity | dist from best mode
     | (kcal/mol) | rmsd l.b.| rmsd u.b.
-----+------------+----------+----------
   1        -13.1      0.000      0.000
   2        -12.9      0.278      1.597
   3        -12.8      0.649      7.347
   4        -12.7      5.572     11.598
   5        -12.6      4.713     11.003
   6        -12.5      2.246      7.874
   7        -12.5      1.911      3.169
   8        -12.5      3.582      8.593
   9        -12.5      5.412     11.456
  10        -12.4      4.843     10.884
Writing output ... done.
Time elapsed: 90 seconds
Estimated time remaining: 147 minutes
Docking 1_1_1093.pdbqt to ./docked_pocket_32/1_1_1093.pdbqt
./qvina-w --receptor ./cox2.pdbqt --ligand ./meeko_pocket_set/1_1_1093.pdbqt --num_modes 10 --exhaustiveness 32 --cpu 16 --seed 42 --out ./docked_pocket_32/1_1_1093.pdbqt --center_x 42.8405 --center_y 31.0155 --center_z 32.3135 --size_x 34.751 --size_y 43.7889 --size_z 34.821
############################################################################
# If you used Qvina-W in your work, please cite:                           #
#                                                                          #
# Nafisa M. Hassan, Amr A. Alhossary, Yuguang Mu, and Chee-Keong Kwoh,     #
# Protein-Ligand Blind Docking Using QuickVina-W With Inter-Process        #
# Spatio-Temporal Integration, Scientific Reports 7(1):2017,               #
# doi:10.1038/s41598-017-15571-7                                           #
#                                                                          #
# You are also encouraged to cite:                                         #
# QuickVina 2                                                              #
# Amr Alhossary, Stephanus Daniel Handoko, Yuguang Mu, and Chee-Keong Kwoh,#
# Fast, Accurate, and Reliable Molecular Docking with QuickVina 2,         #
# Bioinformatics (2015), doi: 10.1093/bioinformatics/btv082                #
#                                                                          #
# Quick Vina 1:                                                            #
# Stephanus Daniel Handoko, Xuchang Ouyang, Chinh Tran To Su, Chee Keong   #
# Kwoh, Yew Soon Ong,                                                      #
# QuickVina: Accelerating AutoDock Vina Using Gradient-Based Heuristics for#
# Global Optimization,                                                     #
# IEEE/ACM Transactions on Computational Biology and Bioinformatics,vol.9, #
# no. 5, pp. 1266-1272, Sept.-Oct. 2012, doi: 10.1109/TCBB.2012.82         #
#                                                                          #
# and original AutoDock Vina paper:                                        #
# O. Trott, A. J. Olson,                                                   #
# AutoDock Vina: improving the speed and accuracy of docking with a        #
# new scoring function, efficient optimization and multithreading,         #
# Journal of Computational Chemistry 31 (2010) 455-461                     #
# doi: 10.1002/jcc.21334                                                   #
############################################################################

WARNING: The search space volume > 27000 Angstrom^3 (See FAQ)
Reading input ... done.
lazy initialization done
Setting up the scoring function ... done.
Analyzing the binding site ... done.
Using random seed: 42
Performing search ... 
0%   10   20   30   40   50   60   70   80   90   100%
|----|----|----|----|----|----|----|----|----|----|
***************************************************
done.
Refining results ... 
searching finished in 135.870 seconds
done.

mode |   affinity | dist from best mode
     | (kcal/mol) | rmsd l.b.| rmsd u.b.
-----+------------+----------+----------
   1        -12.3      0.000      0.000
   2        -12.3      5.405     11.048
   3        -12.2      0.273      1.606
   4        -12.2      0.305      7.363
   5        -12.2      5.450     11.039
   6        -12.2      5.255      9.675
   7        -12.2      0.676      7.217
   8        -12.1      5.256      9.763
   9        -12.1      4.193      8.337
  10        -12.0      3.358      8.379
Writing output ... done.
Time elapsed: 138 seconds
Estimated time remaining: 223 minutes
Docking 1_1_1138.pdbqt to ./docked_pocket_32/1_1_1138.pdbqt
./qvina-w --receptor ./cox2.pdbqt --ligand ./meeko_pocket_set/1_1_1138.pdbqt --num_modes 10 --exhaustiveness 32 --cpu 16 --seed 42 --out ./docked_pocket_32/1_1_1138.pdbqt --center_x 42.8405 --center_y 31.0155 --center_z 32.3135 --size_x 34.751 --size_y 43.7889 --size_z 34.821
############################################################################
# If you used Qvina-W in your work, please cite:                           #
#                                                                          #
# Nafisa M. Hassan, Amr A. Alhossary, Yuguang Mu, and Chee-Keong Kwoh,     #
# Protein-Ligand Blind Docking Using QuickVina-W With Inter-Process        #
# Spatio-Temporal Integration, Scientific Reports 7(1):2017,               #
# doi:10.1038/s41598-017-15571-7                                           #
#                                                                          #
# You are also encouraged to cite:                                         #
# QuickVina 2                                                              #
# Amr Alhossary, Stephanus Daniel Handoko, Yuguang Mu, and Chee-Keong Kwoh,#
# Fast, Accurate, and Reliable Molecular Docking with QuickVina 2,         #
# Bioinformatics (2015), doi: 10.1093/bioinformatics/btv082                #
#                                                                          #
# Quick Vina 1:                                                            #
# Stephanus Daniel Handoko, Xuchang Ouyang, Chinh Tran To Su, Chee Keong   #
# Kwoh, Yew Soon Ong,                                                      #
# QuickVina: Accelerating AutoDock Vina Using Gradient-Based Heuristics for#
# Global Optimization,                                                     #
# IEEE/ACM Transactions on Computational Biology and Bioinformatics,vol.9, #
# no. 5, pp. 1266-1272, Sept.-Oct. 2012, doi: 10.1109/TCBB.2012.82         #
#                                                                          #
# and original AutoDock Vina paper:                                        #
# O. Trott, A. J. Olson,                                                   #
# AutoDock Vina: improving the speed and accuracy of docking with a        #
# new scoring function, efficient optimization and multithreading,         #
# Journal of Computational Chemistry 31 (2010) 455-461                     #
# doi: 10.1002/jcc.21334                                                   #
############################################################################

WARNING: The search space volume > 27000 Angstrom^3 (See FAQ)
Reading input ... done.
lazy initialization done
Setting up the scoring function ... done.
Analyzing the binding site ... done.
Using random seed: 42
Performing search ... 
0%   10   20   30   40   50   60   70   80   90   100%
|----|----|----|----|----|----|----|----|----|----|
***************************************************
done.
Refining results ... 
searching finished in 61.859 seconds
done.

mode |   affinity | dist from best mode
     | (kcal/mol) | rmsd l.b.| rmsd u.b.
-----+------------+----------+----------
   1         -8.6      0.000      0.000
   2         -8.6      1.196      2.741
   3         -8.5      3.286      7.764
   4         -8.5      1.220      2.222
   5         -8.4      6.113     10.723
   6         -8.4      3.382      9.886
   7         -8.3      6.103     12.095
   8         -8.3      7.997     16.732
   9         -8.2      1.520      7.310
  10         -8.1      1.086      7.235
Writing output ... done.
Time elapsed: 64 seconds
Estimated time remaining: 102 minutes
Docking 1_1_1168.pdbqt to ./docked_pocket_32/1_1_1168.pdbqt
./qvina-w --receptor ./cox2.pdbqt --ligand ./meeko_pocket_set/1_1_1168.pdbqt --num_modes 10 --exhaustiveness 32 --cpu 16 --seed 42 --out ./docked_pocket_32/1_1_1168.pdbqt --center_x 42.8405 --center_y 31.0155 --center_z 32.3135 --size_x 34.751 --size_y 43.7889 --size_z 34.821
############################################################################
# If you used Qvina-W in your work, please cite:                           #
#                                                                          #
# Nafisa M. Hassan, Amr A. Alhossary, Yuguang Mu, and Chee-Keong Kwoh,     #
# Protein-Ligand Blind Docking Using QuickVina-W With Inter-Process        #
# Spatio-Temporal Integration, Scientific Reports 7(1):2017,               #
# doi:10.1038/s41598-017-15571-7                                           #
#                                                                          #
# You are also encouraged to cite:                                         #
# QuickVina 2                                                              #
# Amr Alhossary, Stephanus Daniel Handoko, Yuguang Mu, and Chee-Keong Kwoh,#
# Fast, Accurate, and Reliable Molecular Docking with QuickVina 2,         #
# Bioinformatics (2015), doi: 10.1093/bioinformatics/btv082                #
#                                                                          #
# Quick Vina 1:                                                            #
# Stephanus Daniel Handoko, Xuchang Ouyang, Chinh Tran To Su, Chee Keong   #
# Kwoh, Yew Soon Ong,                                                      #
# QuickVina: Accelerating AutoDock Vina Using Gradient-Based Heuristics for#
# Global Optimization,                                                     #
# IEEE/ACM Transactions on Computational Biology and Bioinformatics,vol.9, #
# no. 5, pp. 1266-1272, Sept.-Oct. 2012, doi: 10.1109/TCBB.2012.82         #
#                                                                          #
# and original AutoDock Vina paper:                                        #
# O. Trott, A. J. Olson,                                                   #
# AutoDock Vina: improving the speed and accuracy of docking with a        #
# new scoring function, efficient optimization and multithreading,         #
# Journal of Computational Chemistry 31 (2010) 455-461                     #
# doi: 10.1002/jcc.21334                                                   #
############################################################################

WARNING: The search space volume > 27000 Angstrom^3 (See FAQ)
Reading input ... done.
lazy initialization done
Setting up the scoring function ... done.
Analyzing the binding site ... done.
Using random seed: 42
Performing search ... 
0%   10   20   30   40   50   60   70   80   90   100%
|----|----|----|----|----|----|----|----|----|----|
****slurmstepd: error: *** JOB 1664210 ON ac0097 CANCELLED AT 2023-01-11T12:47:35 DUE TO TIME LIMIT ***
